<?xml version="1.0" encoding="UTF-8"?>
<testsuite xmlns:xsi="http://www.w3.org/2001/XMLSchema-instance" xsi:noNamespaceSchemaLocation="https://maven.apache.org/surefire/maven-surefire-plugin/xsd/surefire-test-report-3.0.xsd" version="3.0" name="TestSuite" time="63.504" tests="6" errors="0" skipped="0" failures="0">
  <properties>
    <property name="java.specification.version" value="16"/>
    <property name="webdriver.chrome.driver" value="C:\JavaDevelop\TrabajoPOM_Zurita\src\main\resources\drivers\chromedriver.exe"/>
    <property name="sun.cpu.isalist" value="amd64"/>
    <property name="sun.jnu.encoding" value="Cp1252"/>
    <property name="java.class.path" value="C:\JavaDevelop\TrabajoPOM_Zurita\target\test-classes;C:\JavaDevelop\TrabajoPOM_Zurita\target\classes;C:\Users\Luís Ramírez\.m2\repository\org\seleniumhq\selenium\selenium-java\3.141.59\selenium-java-3.141.59.jar;C:\Users\Luís Ramírez\.m2\repository\org\seleniumhq\selenium\selenium-api\3.141.59\selenium-api-3.141.59.jar;C:\Users\Luís Ramírez\.m2\repository\org\seleniumhq\selenium\selenium-chrome-driver\3.141.59\selenium-chrome-driver-3.141.59.jar;C:\Users\Luís Ramírez\.m2\repository\org\seleniumhq\selenium\selenium-edge-driver\3.141.59\selenium-edge-driver-3.141.59.jar;C:\Users\Luís Ramírez\.m2\repository\org\seleniumhq\selenium\selenium-firefox-driver\3.141.59\selenium-firefox-driver-3.141.59.jar;C:\Users\Luís Ramírez\.m2\repository\org\seleniumhq\selenium\selenium-ie-driver\3.141.59\selenium-ie-driver-3.141.59.jar;C:\Users\Luís Ramírez\.m2\repository\org\seleniumhq\selenium\selenium-opera-driver\3.141.59\selenium-opera-driver-3.141.59.jar;C:\Users\Luís Ramírez\.m2\repository\org\seleniumhq\selenium\selenium-remote-driver\3.141.59\selenium-remote-driver-3.141.59.jar;C:\Users\Luís Ramírez\.m2\repository\org\seleniumhq\selenium\selenium-safari-driver\3.141.59\selenium-safari-driver-3.141.59.jar;C:\Users\Luís Ramírez\.m2\repository\org\seleniumhq\selenium\selenium-support\3.141.59\selenium-support-3.141.59.jar;C:\Users\Luís Ramírez\.m2\repository\net\bytebuddy\byte-buddy\1.8.15\byte-buddy-1.8.15.jar;C:\Users\Luís Ramírez\.m2\repository\org\apache\commons\commons-exec\1.3\commons-exec-1.3.jar;C:\Users\Luís Ramírez\.m2\repository\com\google\guava\guava\25.0-jre\guava-25.0-jre.jar;C:\Users\Luís Ramírez\.m2\repository\org\checkerframework\checker-compat-qual\2.0.0\checker-compat-qual-2.0.0.jar;C:\Users\Luís Ramírez\.m2\repository\com\google\errorprone\error_prone_annotations\2.1.3\error_prone_annotations-2.1.3.jar;C:\Users\Luís Ramírez\.m2\repository\com\google\j2objc\j2objc-annotations\1.1\j2objc-annotations-1.1.jar;C:\Users\Luís Ramírez\.m2\repository\org\codehaus\mojo\animal-sniffer-annotations\1.14\animal-sniffer-annotations-1.14.jar;C:\Users\Luís Ramírez\.m2\repository\com\squareup\okhttp3\okhttp\3.11.0\okhttp-3.11.0.jar;C:\Users\Luís Ramírez\.m2\repository\com\squareup\okio\okio\1.14.0\okio-1.14.0.jar;C:\Users\Luís Ramírez\.m2\repository\org\testng\testng\7.6.0\testng-7.6.0.jar;C:\Users\Luís Ramírez\.m2\repository\com\google\code\findbugs\jsr305\3.0.2\jsr305-3.0.2.jar;C:\Users\Luís Ramírez\.m2\repository\org\slf4j\slf4j-api\1.7.36\slf4j-api-1.7.36.jar;C:\Users\Luís Ramírez\.m2\repository\com\beust\jcommander\1.82\jcommander-1.82.jar;C:\Users\Luís Ramírez\.m2\repository\org\webjars\jquery\3.6.0\jquery-3.6.0.jar;C:\Users\Luís Ramírez\.m2\repository\org\apache\poi\poi-ooxml\4.1.2\poi-ooxml-4.1.2.jar;C:\Users\Luís Ramírez\.m2\repository\org\apache\poi\poi\4.1.2\poi-4.1.2.jar;C:\Users\Luís Ramírez\.m2\repository\commons-codec\commons-codec\1.13\commons-codec-1.13.jar;C:\Users\Luís Ramírez\.m2\repository\org\apache\commons\commons-collections4\4.4\commons-collections4-4.4.jar;C:\Users\Luís Ramírez\.m2\repository\org\apache\commons\commons-math3\3.6.1\commons-math3-3.6.1.jar;C:\Users\Luís Ramírez\.m2\repository\com\zaxxer\SparseBitSet\1.2\SparseBitSet-1.2.jar;C:\Users\Luís Ramírez\.m2\repository\org\apache\poi\poi-ooxml-schemas\4.1.2\poi-ooxml-schemas-4.1.2.jar;C:\Users\Luís Ramírez\.m2\repository\org\apache\xmlbeans\xmlbeans\3.1.0\xmlbeans-3.1.0.jar;C:\Users\Luís Ramírez\.m2\repository\org\apache\commons\commons-compress\1.19\commons-compress-1.19.jar;C:\Users\Luís Ramírez\.m2\repository\com\github\virtuald\curvesapi\1.06\curvesapi-1.06.jar;"/>
    <property name="java.vm.vendor" value="Oracle Corporation"/>
    <property name="sun.arch.data.model" value="64"/>
    <property name="user.variant" value=""/>
    <property name="java.vendor.url" value="https://java.oracle.com/"/>
    <property name="user.timezone" value="America/Santiago"/>
    <property name="os.name" value="Windows 10"/>
    <property name="java.vm.specification.version" value="16"/>
    <property name="sun.java.launcher" value="SUN_STANDARD"/>
    <property name="user.country" value="MX"/>
    <property name="sun.boot.library.path" value="C:\Program Files\Java\jdk-16.0.2\bin"/>
    <property name="sun.java.command" value="C:\Users\Luís Ramírez\AppData\Local\Temp\surefire1274856436132425314\surefirebooter-20220728152924861_3.jar C:\Users\Luís Ramírez\AppData\Local\Temp\surefire1274856436132425314 2022-07-28T15-29-15_902-jvmRun1 surefire-20220728152924861_1tmp surefire_0-20220728152924861_2tmp"/>
    <property name="jdk.debug" value="release"/>
    <property name="surefire.test.class.path" value="C:\JavaDevelop\TrabajoPOM_Zurita\target\test-classes;C:\JavaDevelop\TrabajoPOM_Zurita\target\classes;C:\Users\Luís Ramírez\.m2\repository\org\seleniumhq\selenium\selenium-java\3.141.59\selenium-java-3.141.59.jar;C:\Users\Luís Ramírez\.m2\repository\org\seleniumhq\selenium\selenium-api\3.141.59\selenium-api-3.141.59.jar;C:\Users\Luís Ramírez\.m2\repository\org\seleniumhq\selenium\selenium-chrome-driver\3.141.59\selenium-chrome-driver-3.141.59.jar;C:\Users\Luís Ramírez\.m2\repository\org\seleniumhq\selenium\selenium-edge-driver\3.141.59\selenium-edge-driver-3.141.59.jar;C:\Users\Luís Ramírez\.m2\repository\org\seleniumhq\selenium\selenium-firefox-driver\3.141.59\selenium-firefox-driver-3.141.59.jar;C:\Users\Luís Ramírez\.m2\repository\org\seleniumhq\selenium\selenium-ie-driver\3.141.59\selenium-ie-driver-3.141.59.jar;C:\Users\Luís Ramírez\.m2\repository\org\seleniumhq\selenium\selenium-opera-driver\3.141.59\selenium-opera-driver-3.141.59.jar;C:\Users\Luís Ramírez\.m2\repository\org\seleniumhq\selenium\selenium-remote-driver\3.141.59\selenium-remote-driver-3.141.59.jar;C:\Users\Luís Ramírez\.m2\repository\org\seleniumhq\selenium\selenium-safari-driver\3.141.59\selenium-safari-driver-3.141.59.jar;C:\Users\Luís Ramírez\.m2\repository\org\seleniumhq\selenium\selenium-support\3.141.59\selenium-support-3.141.59.jar;C:\Users\Luís Ramírez\.m2\repository\net\bytebuddy\byte-buddy\1.8.15\byte-buddy-1.8.15.jar;C:\Users\Luís Ramírez\.m2\repository\org\apache\commons\commons-exec\1.3\commons-exec-1.3.jar;C:\Users\Luís Ramírez\.m2\repository\com\google\guava\guava\25.0-jre\guava-25.0-jre.jar;C:\Users\Luís Ramírez\.m2\repository\org\checkerframework\checker-compat-qual\2.0.0\checker-compat-qual-2.0.0.jar;C:\Users\Luís Ramírez\.m2\repository\com\google\errorprone\error_prone_annotations\2.1.3\error_prone_annotations-2.1.3.jar;C:\Users\Luís Ramírez\.m2\repository\com\google\j2objc\j2objc-annotations\1.1\j2objc-annotations-1.1.jar;C:\Users\Luís Ramírez\.m2\repository\org\codehaus\mojo\animal-sniffer-annotations\1.14\animal-sniffer-annotations-1.14.jar;C:\Users\Luís Ramírez\.m2\repository\com\squareup\okhttp3\okhttp\3.11.0\okhttp-3.11.0.jar;C:\Users\Luís Ramírez\.m2\repository\com\squareup\okio\okio\1.14.0\okio-1.14.0.jar;C:\Users\Luís Ramírez\.m2\repository\org\testng\testng\7.6.0\testng-7.6.0.jar;C:\Users\Luís Ramírez\.m2\repository\com\google\code\findbugs\jsr305\3.0.2\jsr305-3.0.2.jar;C:\Users\Luís Ramírez\.m2\repository\org\slf4j\slf4j-api\1.7.36\slf4j-api-1.7.36.jar;C:\Users\Luís Ramírez\.m2\repository\com\beust\jcommander\1.82\jcommander-1.82.jar;C:\Users\Luís Ramírez\.m2\repository\org\webjars\jquery\3.6.0\jquery-3.6.0.jar;C:\Users\Luís Ramírez\.m2\repository\org\apache\poi\poi-ooxml\4.1.2\poi-ooxml-4.1.2.jar;C:\Users\Luís Ramírez\.m2\repository\org\apache\poi\poi\4.1.2\poi-4.1.2.jar;C:\Users\Luís Ramírez\.m2\repository\commons-codec\commons-codec\1.13\commons-codec-1.13.jar;C:\Users\Luís Ramírez\.m2\repository\org\apache\commons\commons-collections4\4.4\commons-collections4-4.4.jar;C:\Users\Luís Ramírez\.m2\repository\org\apache\commons\commons-math3\3.6.1\commons-math3-3.6.1.jar;C:\Users\Luís Ramírez\.m2\repository\com\zaxxer\SparseBitSet\1.2\SparseBitSet-1.2.jar;C:\Users\Luís Ramírez\.m2\repository\org\apache\poi\poi-ooxml-schemas\4.1.2\poi-ooxml-schemas-4.1.2.jar;C:\Users\Luís Ramírez\.m2\repository\org\apache\xmlbeans\xmlbeans\3.1.0\xmlbeans-3.1.0.jar;C:\Users\Luís Ramírez\.m2\repository\org\apache\commons\commons-compress\1.19\commons-compress-1.19.jar;C:\Users\Luís Ramírez\.m2\repository\com\github\virtuald\curvesapi\1.06\curvesapi-1.06.jar;"/>
    <property name="sun.cpu.endian" value="little"/>
    <property name="user.home" value="C:\Users\Luís Ramírez"/>
    <property name="user.language" value="es"/>
    <property name="java.specification.vendor" value="Oracle Corporation"/>
    <property name="java.version.date" value="2021-07-20"/>
    <property name="java.home" value="C:\Program Files\Java\jdk-16.0.2"/>
    <property name="file.separator" value="\"/>
    <property name="basedir" value="C:\JavaDevelop\TrabajoPOM_Zurita"/>
    <property name="java.vm.compressedOopsMode" value="Zero based"/>
    <property name="line.separator" value="&#10;"/>
    <property name="java.vm.specification.vendor" value="Oracle Corporation"/>
    <property name="java.specification.name" value="Java Platform API Specification"/>
    <property name="surefire.real.class.path" value="C:\Users\Luís Ramírez\AppData\Local\Temp\surefire1274856436132425314\surefirebooter-20220728152924861_3.jar"/>
    <property name="user.script" value=""/>
    <property name="sun.management.compiler" value="HotSpot 64-Bit Tiered Compilers"/>
    <property name="java.runtime.version" value="16.0.2+7-67"/>
    <property name="user.name" value="Luís Ramírez"/>
    <property name="path.separator" value=";"/>
    <property name="os.version" value="10.0"/>
    <property name="java.runtime.name" value="Java(TM) SE Runtime Environment"/>
    <property name="file.encoding" value="Cp1252"/>
    <property name="java.vm.name" value="Java HotSpot(TM) 64-Bit Server VM"/>
    <property name="localRepository" value="C:\Users\Luís Ramírez\.m2\repository"/>
    <property name="java.vendor.url.bug" value="https://bugreport.java.com/bugreport/"/>
    <property name="java.io.tmpdir" value="C:\Users\LUSRAM~1\AppData\Local\Temp\"/>
    <property name="idea.version" value="2022.1.1"/>
    <property name="java.version" value="16.0.2"/>
    <property name="user.dir" value="C:\JavaDevelop\TrabajoPOM_Zurita"/>
    <property name="os.arch" value="amd64"/>
    <property name="java.vm.specification.name" value="Java Virtual Machine Specification"/>
    <property name="sun.os.patch.level" value=""/>
    <property name="java.library.path" value="C:\Program Files\Java\jdk-16.0.2\bin;C:\Windows\Sun\Java\bin;C:\Windows\system32;C:\Windows;C:\Program Files\Common Files\Oracle\Java\javapath;C:\Windows\system32;C:\Windows;C:\Windows\System32\Wbem;C:\Windows\System32\WindowsPowerShell\v1.0\;C:\Windows\System32\OpenSSH\;C:\Program Files\dotnet\;C:\Program Files\Microsoft SQL Server\150\Tools\Binn\;C:\Program Files\Docker\Docker\resources\bin;C:\ProgramData\DockerDesktop\version-bin;C:\Program Files (x86)\Microsoft SQL Server\150\DTS\Binn\;C:\Program Files\Azure Data Studio\bin;C:\Program Files\Microsoft SQL Server\Client SDK\ODBC\170\Tools\Binn\;C:\Program Files\Git\cmd;C:\Users\Luís Ramírez\AppData\Local\Microsoft\WindowsApps;;C:\Users\Luís Ramírez\AppData\Local\Programs\Microsoft VS Code\bin;C:\Users\Luís Ramírez\.dotnet\tools;C:\Program Files\Azure Data Studio\bin;."/>
    <property name="java.vm.info" value="mixed mode, sharing"/>
    <property name="java.vendor" value="Oracle Corporation"/>
    <property name="java.vm.version" value="16.0.2+7-67"/>
    <property name="sun.io.unicode.encoding" value="UnicodeLittle"/>
    <property name="java.class.version" value="60.0"/>
  </properties>
  <testcase name="CP001_Login_Fallido" classname="Tests.Tests" time="5.627">
    <system-err><![CDATA[SLF4J: Failed to load class "org.slf4j.impl.StaticLoggerBinder".
SLF4J: Defaulting to no-operation (NOP) logger implementation
SLF4J: See http://www.slf4j.org/codes.html#StaticLoggerBinder for further details.
Starting ChromeDriver 103.0.5060.134 (8ec6fce403b3feb0869b0732eda8bd95011d333c-refs/branch-heads/5060@{#1262}) on port 35245
Only local connections are allowed.
Please see https://chromedriver.chromium.org/security-considerations for suggestions on keeping ChromeDriver safe.
ChromeDriver was started successfully.
jul. 28, 2022 3:29:26 P. M. org.openqa.selenium.remote.ProtocolHandshake createSession
INFO: Detected dialect: W3C
]]></system-err>
  </testcase>
  <testcase name="CP002_Contrasenia_Incorrecta" classname="Tests.Tests" time="5.261">
    <system-err><![CDATA[Starting ChromeDriver 103.0.5060.134 (8ec6fce403b3feb0869b0732eda8bd95011d333c-refs/branch-heads/5060@{#1262}) on port 41181
Only local connections are allowed.
Please see https://chromedriver.chromium.org/security-considerations for suggestions on keeping ChromeDriver safe.
ChromeDriver was started successfully.
jul. 28, 2022 3:29:39 P. M. org.openqa.selenium.remote.ProtocolHandshake createSession
INFO: Detected dialect: W3C
]]></system-err>
  </testcase>
  <testcase name="CP003_Login_Exitoso" classname="Tests.Tests" time="5.284">
    <system-err><![CDATA[Starting ChromeDriver 103.0.5060.134 (8ec6fce403b3feb0869b0732eda8bd95011d333c-refs/branch-heads/5060@{#1262}) on port 28464
Only local connections are allowed.
Please see https://chromedriver.chromium.org/security-considerations for suggestions on keeping ChromeDriver safe.
ChromeDriver was started successfully.
jul. 28, 2022 3:29:52 P. M. org.openqa.selenium.remote.ProtocolHandshake createSession
INFO: Detected dialect: W3C
]]></system-err>
  </testcase>
  <testcase name="CP004_Obten_Tu_Tarjeta" classname="Tests.Tests" time="2.137">
    <system-err><![CDATA[Starting ChromeDriver 103.0.5060.134 (8ec6fce403b3feb0869b0732eda8bd95011d333c-refs/branch-heads/5060@{#1262}) on port 12543
Only local connections are allowed.
Please see https://chromedriver.chromium.org/security-considerations for suggestions on keeping ChromeDriver safe.
ChromeDriver was started successfully.
jul. 28, 2022 3:30:04 P. M. org.openqa.selenium.remote.ProtocolHandshake createSession
INFO: Detected dialect: W3C
]]></system-err>
  </testcase>
  <testcase name="CP007_Outlet_Online" classname="Tests.Tests" time="3.508">
    <system-err><![CDATA[Starting ChromeDriver 103.0.5060.134 (8ec6fce403b3feb0869b0732eda8bd95011d333c-refs/branch-heads/5060@{#1262}) on port 29918
Only local connections are allowed.
Please see https://chromedriver.chromium.org/security-considerations for suggestions on keeping ChromeDriver safe.
ChromeDriver was started successfully.
jul. 28, 2022 3:30:08 P. M. org.openqa.selenium.remote.ProtocolHandshake createSession
INFO: Detected dialect: W3C
]]></system-err>
  </testcase>
  <testcase name="CP008_Seguimiento_Despacho" classname="Tests.Tests" time="3.008">
    <system-err><![CDATA[Starting ChromeDriver 103.0.5060.134 (8ec6fce403b3feb0869b0732eda8bd95011d333c-refs/branch-heads/5060@{#1262}) on port 34917
Only local connections are allowed.
Please see https://chromedriver.chromium.org/security-considerations for suggestions on keeping ChromeDriver safe.
ChromeDriver was started successfully.
jul. 28, 2022 3:30:19 P. M. org.openqa.selenium.remote.ProtocolHandshake createSession
INFO: Detected dialect: W3C
]]></system-err>
  </testcase>
</testsuite>