<?xml version="1.0" encoding="UTF-8"?>
<!-- Generated by org.testng.reporters.JUnitReportReporter -->
<testsuite hostname="NT453S" failures="0" tests="6" name="Tests.Tests" time="63.109" errors="0" timestamp="2022-07-28T15:30:28 CLT" skipped="0">
  <testcase classname="Tests.Tests" name="CP002_Contrasenia_Incorrecta" time="12.820"/>
  <system-out/>
  <testcase classname="Tests.Tests" name="CP007_Outlet_Online" time="10.122"/>
  <system-out/>
  <testcase classname="Tests.Tests" name="CP004_Obten_Tu_Tarjeta" time="10.167"/>
  <system-out/>
  <testcase classname="Tests.Tests" name="CP008_Seguimiento_Despacho" time="9.688"/>
  <system-out/>
  <testcase classname="Tests.Tests" name="CP003_Login_Exitoso" time="7.773"/>
  <system-out/>
  <testcase classname="Tests.Tests" name="CP001_Login_Fallido" time="12.539"/>
  <system-out/>
</testsuite> <!-- Tests.Tests -->
